<?xml version="1.0" encoding="UTF-8"?>
<!-- Generated by org.testng.reporters.JUnitXMLReporter -->
<testsuite ignored="0" hostname="DESKTOP-174KRTM" failures="0" tests="10" name="Default test" time="16.797" errors="0" timestamp="2024-05-07T13:47:41 IST">
  <testcase classname="org.test.ProjectTest" name="tc6" time="2.55"/>
  <testcase classname="org.test.ProjectTest" name="tc3" time="2.443"/>
  <testcase classname="org.test.ProjectTest" name="tc2" time="2.184"/>
  <testcase classname="org.test.ProjectTest" name="tc5" time="1.203"/>
  <testcase classname="org.test.ProjectTest" name="tc5" time="0.869"/>
  <testcase classname="org.test.ProjectTest" name="tc5" time="0.773"/>
  <testcase classname="org.test.ProjectTest" name="tc5" time="0.832"/>
  <testcase classname="org.test.ProjectTest" name="tc1" time="2.18"/>
  <testcase classname="org.test.ProjectTest" name="tc4" time="0.386"/>
  <testcase classname="org.test.ProjectTest" name="tc7" time="0.235"/>
</testsuite> <!-- Default test -->
