<?xml version="1.0" encoding="UTF-8"?>
<!-- Generated by org.testng.reporters.JUnitXMLReporter -->
<testsuite ignored="0" hostname="DESKTOP-174KRTM" failures="0" tests="13" name="Test" time="20.81" errors="0" timestamp="2024-05-07T13:57:47 IST">
  <testcase classname="org.test.ProjectTest" name="tc6" time="1.035"/>
  <testcase classname="org.test.ProjectTest" name="tc3" time="0.18"/>
  <testcase classname="org.test.ProjectTest" name="tc2" time="5.571"/>
  <testcase classname="org.test.ProjectTest" name="tc5" time="1.227"/>
  <testcase classname="org.test.ProjectTest" name="tc1" time="2.395"/>
  <testcase classname="org.test.ProjectTest" name="tc4" time="2.218"/>
  <testcase classname="org.test.ProjectTest" name="tc7" time="5.047"/>
  <testcase classname="org.test.B" name="tc2" time="0.001"/>
  <testcase classname="org.test.B" name="tc4" time="0.003"/>
  <testcase classname="org.test.B" name="tc5" time="0.001"/>
  <testcase classname="org.test.A" name="tc21" time="0.001"/>
  <testcase classname="org.test.A" name="tc22" time="0.002"/>
  <testcase classname="org.test.A" name="tc24" time="0.002"/>
</testsuite> <!-- Test -->
