<?xml version="1.0" encoding="UTF-8"?>
<testng-results ignored="0" total="3" passed="2" failed="1" skipped="0">
  <reporter-output>
  </reporter-output>
  <suite started-at="2024-05-10T11:33:15 IST" name="Suite" finished-at="2024-05-10T11:33:22 IST" duration-ms="7645">
    <groups>
    </groups>
    <test started-at="2024-05-10T11:33:15 IST" name="firefoxTest" finished-at="2024-05-10T11:33:19 IST" duration-ms="4554">
      <class name="org.test.CrossBrowser">
        <test-method signature="rc1(java.lang.String)[pri:0, instance:org.test.CrossBrowser@1bd4fdd]" started-at="2024-05-10T11:33:15 IST" name="rc1" finished-at="2024-05-10T11:33:19 IST" duration-ms="4450" status="FAIL">
          <params>
            <param index="0">
              <value>
                <![CDATA[firefoxBrowser]]>
              </value>
            </param>
          </params>
          <exception class="org.openqa.selenium.WebDriverException">
            <message>
              <![CDATA[Cannot find firefox binary in PATH. Make sure firefox is installed. OS appears to be: WIN10
Build info: version: '3.141.59', revision: 'e82be7d358', time: '2018-11-14T08:17:03'
System info: host: 'DESKTOP-174KRTM', ip: '192.168.0.104', os.name: 'Windows 10', os.arch: 'amd64', os.version: '10.0', java.version: '22.0.1'
Driver info: driver.version: FirefoxDriver]]>
            </message>
            <full-stacktrace>
              <![CDATA[org.openqa.selenium.WebDriverException: Cannot find firefox binary in PATH. Make sure firefox is installed. OS appears to be: WIN10
Build info: version: '3.141.59', revision: 'e82be7d358', time: '2018-11-14T08:17:03'
System info: host: 'DESKTOP-174KRTM', ip: '192.168.0.104', os.name: 'Windows 10', os.arch: 'amd64', os.version: '10.0', java.version: '22.0.1'
Driver info: driver.version: FirefoxDriver
at org.openqa.selenium.firefox.FirefoxBinary.<init>(FirefoxBinary.java:100)
at java.base/java.util.Optional.orElseGet(Optional.java:364)
at org.openqa.selenium.firefox.FirefoxOptions.getBinary(FirefoxOptions.java:216)
at org.openqa.selenium.firefox.FirefoxDriver.toExecutor(FirefoxDriver.java:187)
at org.openqa.selenium.firefox.FirefoxDriver.<init>(FirefoxDriver.java:147)
at org.openqa.selenium.firefox.FirefoxDriver.<init>(FirefoxDriver.java:125)
at org.test.CrossBrowser.rc1(CrossBrowser.java:26)
at java.base/jdk.internal.reflect.DirectMethodHandleAccessor.invoke(DirectMethodHandleAccessor.java:103)
at java.base/java.lang.reflect.Method.invoke(Method.java:580)
at org.testng.internal.MethodInvocationHelper.invokeMethod(MethodInvocationHelper.java:133)
at org.testng.internal.TestInvoker.invokeMethod(TestInvoker.java:598)
at org.testng.internal.TestInvoker.invokeTestMethod(TestInvoker.java:173)
at org.testng.internal.MethodRunner.runInSequence(MethodRunner.java:46)
at org.testng.internal.TestInvoker$MethodInvocationAgent.invoke(TestInvoker.java:824)
at org.testng.internal.TestInvoker.invokeTestMethods(TestInvoker.java:146)
at org.testng.internal.TestMethodWorker.invokeTestMethods(TestMethodWorker.java:146)
at org.testng.internal.TestMethodWorker.run(TestMethodWorker.java:128)
at java.base/java.util.ArrayList.forEach(ArrayList.java:1597)
at org.testng.TestRunner.privateRun(TestRunner.java:794)
at org.testng.TestRunner.run(TestRunner.java:596)
at org.testng.SuiteRunner.runTest(SuiteRunner.java:377)
at org.testng.SuiteRunner.access$000(SuiteRunner.java:28)
at org.testng.SuiteRunner$SuiteWorker.run(SuiteRunner.java:418)
at org.testng.internal.thread.ThreadUtil.lambda$execute$0(ThreadUtil.java:64)
at java.base/java.util.concurrent.FutureTask.run(FutureTask.java:317)
at java.base/java.util.concurrent.ThreadPoolExecutor.runWorker(ThreadPoolExecutor.java:1144)
at java.base/java.util.concurrent.ThreadPoolExecutor$Worker.run(ThreadPoolExecutor.java:642)
at java.base/java.lang.Thread.run(Thread.java:1570)
]]>
            </full-stacktrace>
          </exception> <!-- org.openqa.selenium.WebDriverException -->
          <reporter-output>
          </reporter-output>
        </test-method> <!-- rc1 -->
      </class> <!-- org.test.CrossBrowser -->
    </test> <!-- firefoxTest -->
    <test started-at="2024-05-10T11:33:15 IST" name="ChromeTest" finished-at="2024-05-10T11:33:22 IST" duration-ms="7423">
      <class name="org.test.CrossBrowser">
        <test-method signature="rc1(java.lang.String)[pri:0, instance:org.test.CrossBrowser@3bb9a3ff]" started-at="2024-05-10T11:33:15 IST" name="rc1" finished-at="2024-05-10T11:33:22 IST" duration-ms="7365" status="PASS">
          <params>
            <param index="0">
              <value>
                <![CDATA[chromeBrowser]]>
              </value>
            </param>
          </params>
          <reporter-output>
          </reporter-output>
        </test-method> <!-- rc1 -->
      </class> <!-- org.test.CrossBrowser -->
    </test> <!-- ChromeTest -->
    <test started-at="2024-05-10T11:33:15 IST" name="EdgeTest" finished-at="2024-05-10T11:33:22 IST" duration-ms="7644">
      <class name="org.test.CrossBrowser">
        <test-method signature="rc1(java.lang.String)[pri:0, instance:org.test.CrossBrowser@130d63be]" started-at="2024-05-10T11:33:15 IST" name="rc1" finished-at="2024-05-10T11:33:22 IST" duration-ms="7587" status="PASS">
          <params>
            <param index="0">
              <value>
                <![CDATA[edgeBrowser]]>
              </value>
            </param>
          </params>
          <reporter-output>
          </reporter-output>
        </test-method> <!-- rc1 -->
      </class> <!-- org.test.CrossBrowser -->
    </test> <!-- EdgeTest -->
  </suite> <!-- Suite -->
</testng-results>
